<?xml version="1.0" encoding="UTF-8"?>
<testng-results skipped="0" failed="0" total="1" passed="1">
  <reporter-output>
  </reporter-output>
  <suite name="Default suite" duration-ms="7923" started-at="2013-12-07T20:14:38Z" finished-at="2013-12-07T20:14:46Z">
    <groups>
    </groups>
    <test name="Default test" duration-ms="7923" started-at="2013-12-07T20:14:38Z" finished-at="2013-12-07T20:14:46Z">
      <class name="CoreSmokeTest">
        <test-method status="PASS" signature="start()[pri:0, instance:CoreSmokeTest@493e94d3]" name="start" is-config="true" duration-ms="905" started-at="2013-12-07T15:14:38Z" finished-at="2013-12-07T15:14:39Z">
          <reporter-output>
          </reporter-output>
        </test-method> <!-- start -->
        <test-method status="PASS" signature="buyTicketsAsNewCustomer()[pri:0, instance:CoreSmokeTest@493e94d3]" name="buyTicketsAsNewCustomer" duration-ms="1901" started-at="2013-12-07T15:14:39Z" finished-at="2013-12-07T15:14:41Z">
          <reporter-output>
          </reporter-output>
        </test-method> <!-- buyTicketsAsNewCustomer -->
        <test-method status="PASS" signature="close()[pri:0, instance:CoreSmokeTest@493e94d3]" name="close" is-config="true" duration-ms="5101" started-at="2013-12-07T15:14:41Z" finished-at="2013-12-07T15:14:46Z">
          <reporter-output>
          </reporter-output>
        </test-method> <!-- close -->
      </class> <!-- CoreSmokeTest -->
    </test> <!-- Default test -->
  </suite> <!-- Default suite -->
</testng-results>
